    	E5 ORG $4000
    	E1 EQU $3FF0
4000	LDAA #20 	IMM(LI = 2) 86 14
4002	LDAA %101 	DIR(LI = 2) 96 05
4004	LDAA 7,SP 	IDX(LI = 2) A6 87
4006	LDAA -16,SP 	IDX(LI = 2) A6 90
4008	LDAA 34,PC 	IDX(LI = 3) A6 f8 22
400b	LDAA 16,SP 	IDX(LI = 3) A6 f0 10
400e	LDAA 256,SP 	IDX(LI = 4) A6 f2 0100
4012	LDAA [16,SP] 	IDX(LI = 4) A6 f3 0010
4016	LDAA [256,SP] 	IDX(LI = 4) A6 f3 0100
401a	LDAA [-256,SP] 	IDX(LI = 4) A6 FDR
401e	IBNE A, E4 	REL(LI = 3) 04 A0 15
4021	JMP E4 	EXT(LI = 3) 06 4036
4024	JMP E5 	EXT(LI = 3) 06 0000
4027	BNE E4 	REL(LI = 2) 26 0d
4029	BNE E5 	REL(LI = 2) 26 FDR
402b	BSZ 5		00 00 00 00 00 
4030	FILL 4,6	04 04 04 04 04 04 
    	E4 START
0000	BSZ 6		00 00 00 00 00 00 
    	END
